<?xml version="1.0" encoding="UTF-8"?>
<testng-results skipped="0" failed="0" total="2" passed="2">
  <reporter-output>
  </reporter-output>
  <suite name="Suite" duration-ms="21" started-at="2020-02-22T04:32:20Z" finished-at="2020-02-22T04:32:20Z">
    <groups>
    </groups>
    <test name="testing" duration-ms="21" started-at="2020-02-22T04:32:20Z" finished-at="2020-02-22T04:32:20Z">
      <class name="testing.NewTest">
        <test-method status="PASS" signature="f()[pri:0, instance:testing.NewTest@26ba2a48]" name="f" duration-ms="0" started-at="2020-02-22T10:02:20Z" finished-at="2020-02-22T10:02:20Z">
          <reporter-output>
          </reporter-output>
        </test-method> <!-- f -->
      </class> <!-- testing.NewTest -->
      <class name="testing.LoginTest">
        <test-method status="PASS" signature="loginTest()[pri:0, instance:testing.LoginTest@38082d64]" name="loginTest" duration-ms="8" started-at="2020-02-22T10:02:20Z" finished-at="2020-02-22T10:02:20Z">
          <reporter-output>
          </reporter-output>
        </test-method> <!-- loginTest -->
      </class> <!-- testing.LoginTest -->
    </test> <!-- testing -->
  </suite> <!-- Suite -->
</testng-results>
